timestamp: 2012-03-18T12:47:16.335237
CREATE TABLE auth_user(
    id INTEGER PRIMARY KEY AUTOINCREMENT,
    username CHAR(512),
    first_name CHAR(512),
    last_name CHAR(512),
    email CHAR(512),
    password CHAR(512),
    created_on TIMESTAMP,
    modified_on TIMESTAMP,
    registration_key CHAR(512),
    reset_password_key CHAR(512),
    registration_id CHAR(512)
);
success!
timestamp: 2012-03-18T12:47:16.337700
CREATE TABLE auth_group(
    id INTEGER PRIMARY KEY AUTOINCREMENT,
    role CHAR(512),
    description TEXT
);
success!
timestamp: 2012-03-18T12:47:16.341553
CREATE TABLE auth_membership(
    id INTEGER PRIMARY KEY AUTOINCREMENT,
    user_id INTEGER REFERENCES auth_user(id) ON DELETE CASCADE,
    group_id INTEGER REFERENCES auth_group(id) ON DELETE CASCADE
);
success!
timestamp: 2012-03-18T12:47:16.343990
CREATE TABLE auth_permission(
    id INTEGER PRIMARY KEY AUTOINCREMENT,
    group_id INTEGER REFERENCES auth_group(id) ON DELETE CASCADE,
    name CHAR(512),
    table_name CHAR(512),
    record_id INTEGER
);
success!
timestamp: 2012-03-18T12:47:16.347192
CREATE TABLE auth_event(
    id INTEGER PRIMARY KEY AUTOINCREMENT,
    time_stamp TIMESTAMP,
    client_ip CHAR(512),
    user_id INTEGER REFERENCES auth_user(id) ON DELETE CASCADE,
    origin CHAR(512),
    description TEXT
);
success!
timestamp: 2012-03-18T12:47:16.350537
CREATE TABLE auth_cas(
    id INTEGER PRIMARY KEY AUTOINCREMENT,
    user_id INTEGER REFERENCES auth_user(id) ON DELETE CASCADE,
    created_on TIMESTAMP,
    service CHAR(512),
    ticket CHAR(512),
    renew CHAR(1)
);
success!
timestamp: 2012-03-18T12:52:37.975392
CREATE TABLE jobs(
    id INTEGER PRIMARY KEY AUTOINCREMENT,
    title CHAR(512),
    category CHAR(512),
    subcategory CHAR(512),
    location CHAR(512),
    content CHAR(512)
);
success!
DROP TABLE jobs;
success!
timestamp: 2012-03-18T16:05:40.840044
CREATE TABLE jobs(
    id INTEGER PRIMARY KEY AUTOINCREMENT,
    title CHAR(512),
    category CHAR(512),
    subcategory CHAR(512),
    location CHAR(512),
    content CHAR(512)
);
success!
DROP TABLE jobs;
success!
timestamp: 2012-03-18T16:13:27.983258
CREATE TABLE jobs(
    id INTEGER PRIMARY KEY AUTOINCREMENT,
    title CHAR(512),
    category CHAR(512),
    subcategory CHAR(512),
    location CHAR(512),
    content CHAR(512)
);
success!
timestamp: 2012-03-18T16:35:07.163279
ALTER TABLE jobs ADD slug CHAR(512);
timestamp: 2012-04-08T17:47:51.172064
CREATE TABLE submissions(
    id INTEGER PRIMARY KEY AUTOINCREMENT,
    name CHAR(512),
    email CHAR(512),
    job INTEGER REFERENCES jobs(id) ON DELETE CASCADE,
    resume CHAR(512),
    note CHAR(512)
);
success!
